<?xml version="1.0" encoding="UTF-8" ?>
<testsuites>
  <testsuite errors="0" failures="4" hostname="vincoOrbiss-Mac-mini.local" id="0" name="LenguajesControllerSpec" package="lenguajes" tests="6" time="2.705" timestamp="2014-05-15T23:41:37">
      <properties />

      <testcase classname="lenguajes.LenguajesControllerSpec" name="Test the index action returns the correct model" time="1.539" />

      <testcase classname="lenguajes.LenguajesControllerSpec" name="Test the create action returns the correct model" time="0.23" />

      <testcase classname="lenguajes.LenguajesControllerSpec" name="Test that the show action returns the correct model" time="0.156">
          <failure message="Condition not satisfied:&#xa;&#xa;response.status == 404&#xa;|        |      |&#xa;|        200    false&#xa;org.codehaus.groovy.grails.plugins.testing.GrailsMockHttpServletResponse@3b8628c8&#xa;" type="junit.framework.AssertionFailedError">junit.framework.AssertionFailedError: Condition not satisfied:

response.status == 404
|        |      |
|        200    false
org.codehaus.groovy.grails.plugins.testing.GrailsMockHttpServletResponse@3b8628c8

	at lenguajes.LenguajesControllerSpec.Test that the show action returns the correct model(LenguajesControllerSpec.groovy:42)
</failure>

      </testcase>

      <testcase classname="lenguajes.LenguajesControllerSpec" name="Test that the edit action returns the correct model" time="0.146">
          <failure message="Condition not satisfied:&#xa;&#xa;response.status == 404&#xa;|        |      |&#xa;|        200    false&#xa;org.codehaus.groovy.grails.plugins.testing.GrailsMockHttpServletResponse@4717fd27&#xa;" type="junit.framework.AssertionFailedError">junit.framework.AssertionFailedError: Condition not satisfied:

response.status == 404
|        |      |
|        200    false
org.codehaus.groovy.grails.plugins.testing.GrailsMockHttpServletResponse@4717fd27

	at lenguajes.LenguajesControllerSpec.Test that the edit action returns the correct model(LenguajesControllerSpec.groovy:58)
</failure>

      </testcase>

      <testcase classname="lenguajes.LenguajesControllerSpec" name="Test the update action performs an update on a valid domain instance" time="0.149">
          <failure message="Condition not satisfied:&#xa;&#xa;status == 404&#xa;|      |&#xa;200    false&#xa;" type="junit.framework.AssertionFailedError">junit.framework.AssertionFailedError: Condition not satisfied:

status == 404
|      |
200    false

	at lenguajes.LenguajesControllerSpec.Test the update action performs an update on a valid domain instance(LenguajesControllerSpec.groovy:74)
</failure>

      </testcase>

      <testcase classname="lenguajes.LenguajesControllerSpec" name="Test that the delete action deletes an instance if it exists" time="0.139">
          <failure message="Condition not satisfied:&#xa;&#xa;status == 404&#xa;|      |&#xa;200    false&#xa;" type="junit.framework.AssertionFailedError">junit.framework.AssertionFailedError: Condition not satisfied:

status == 404
|      |
200    false

	at lenguajes.LenguajesControllerSpec.Test that the delete action deletes an instance if it exists(LenguajesControllerSpec.groovy:102)
</failure>

      </testcase>

      <system-out><![CDATA[--Output from Test the index action returns the correct model--
--Output from Test the create action returns the correct model--
--Output from Test that the show action returns the correct model--
--Output from Test that the edit action returns the correct model--
--Output from Test the update action performs an update on a valid domain instance--
--Output from Test that the delete action deletes an instance if it exists--
]]></system-out>

      <system-err><![CDATA[--Output from Test the index action returns the correct model--
--Output from Test the create action returns the correct model--
--Output from Test that the show action returns the correct model--
--Output from Test that the edit action returns the correct model--
--Output from Test the update action performs an update on a valid domain instance--
--Output from Test that the delete action deletes an instance if it exists--
]]></system-err>

  </testsuite>
  <testsuite errors="0" failures="4" hostname="vincoOrbiss-Mac-mini.local" id="1" name="MusicaControllerSpec" package="musica" tests="6" time="1.433" timestamp="2014-05-15T23:41:40">
      <properties />

      <testcase classname="musica.MusicaControllerSpec" name="Test the index action returns the correct model" time="0.391" />

      <testcase classname="musica.MusicaControllerSpec" name="Test the create action returns the correct model" time="0.176" />

      <testcase classname="musica.MusicaControllerSpec" name="Test that the show action returns the correct model" time="0.15">
          <failure message="Condition not satisfied:&#xa;&#xa;response.status == 404&#xa;|        |      |&#xa;|        200    false&#xa;org.codehaus.groovy.grails.plugins.testing.GrailsMockHttpServletResponse@28282ae6&#xa;" type="junit.framework.AssertionFailedError">junit.framework.AssertionFailedError: Condition not satisfied:

response.status == 404
|        |      |
|        200    false
org.codehaus.groovy.grails.plugins.testing.GrailsMockHttpServletResponse@28282ae6

	at musica.MusicaControllerSpec.Test that the show action returns the correct model(MusicaControllerSpec.groovy:42)
</failure>

      </testcase>

      <testcase classname="musica.MusicaControllerSpec" name="Test that the edit action returns the correct model" time="0.148">
          <failure message="Condition not satisfied:&#xa;&#xa;response.status == 404&#xa;|        |      |&#xa;|        200    false&#xa;org.codehaus.groovy.grails.plugins.testing.GrailsMockHttpServletResponse@39269273&#xa;" type="junit.framework.AssertionFailedError">junit.framework.AssertionFailedError: Condition not satisfied:

response.status == 404
|        |      |
|        200    false
org.codehaus.groovy.grails.plugins.testing.GrailsMockHttpServletResponse@39269273

	at musica.MusicaControllerSpec.Test that the edit action returns the correct model(MusicaControllerSpec.groovy:58)
</failure>

      </testcase>

      <testcase classname="musica.MusicaControllerSpec" name="Test the update action performs an update on a valid domain instance" time="0.178">
          <failure message="Condition not satisfied:&#xa;&#xa;status == 404&#xa;|      |&#xa;200    false&#xa;" type="junit.framework.AssertionFailedError">junit.framework.AssertionFailedError: Condition not satisfied:

status == 404
|      |
200    false

	at musica.MusicaControllerSpec.Test the update action performs an update on a valid domain instance(MusicaControllerSpec.groovy:74)
</failure>

      </testcase>

      <testcase classname="musica.MusicaControllerSpec" name="Test that the delete action deletes an instance if it exists" time="0.127">
          <failure message="Condition not satisfied:&#xa;&#xa;status == 404&#xa;|      |&#xa;200    false&#xa;" type="junit.framework.AssertionFailedError">junit.framework.AssertionFailedError: Condition not satisfied:

status == 404
|      |
200    false

	at musica.MusicaControllerSpec.Test that the delete action deletes an instance if it exists(MusicaControllerSpec.groovy:102)
</failure>

      </testcase>

      <system-out><![CDATA[--Output from Test the index action returns the correct model--
--Output from Test the create action returns the correct model--
--Output from Test that the show action returns the correct model--
--Output from Test that the edit action returns the correct model--
--Output from Test the update action performs an update on a valid domain instance--
--Output from Test that the delete action deletes an instance if it exists--
]]></system-out>

      <system-err><![CDATA[--Output from Test the index action returns the correct model--
--Output from Test the create action returns the correct model--
--Output from Test that the show action returns the correct model--
--Output from Test that the edit action returns the correct model--
--Output from Test the update action performs an update on a valid domain instance--
--Output from Test that the delete action deletes an instance if it exists--
]]></system-err>

  </testsuite>
  <testsuite errors="0" failures="4" hostname="vincoOrbiss-Mac-mini.local" id="2" name="PeliculasControllerSpec" package="peliculas" tests="6" time="1.103" timestamp="2014-05-15T23:41:41">
      <properties />

      <testcase classname="peliculas.PeliculasControllerSpec" name="Test the index action returns the correct model" time="0.319" />

      <testcase classname="peliculas.PeliculasControllerSpec" name="Test the create action returns the correct model" time="0.108" />

      <testcase classname="peliculas.PeliculasControllerSpec" name="Test that the show action returns the correct model" time="0.111">
          <failure message="Condition not satisfied:&#xa;&#xa;response.status == 404&#xa;|        |      |&#xa;|        200    false&#xa;org.codehaus.groovy.grails.plugins.testing.GrailsMockHttpServletResponse@3fd3d0eb&#xa;" type="junit.framework.AssertionFailedError">junit.framework.AssertionFailedError: Condition not satisfied:

response.status == 404
|        |      |
|        200    false
org.codehaus.groovy.grails.plugins.testing.GrailsMockHttpServletResponse@3fd3d0eb

	at peliculas.PeliculasControllerSpec.Test that the show action returns the correct model(PeliculasControllerSpec.groovy:41)
</failure>

      </testcase>

      <testcase classname="peliculas.PeliculasControllerSpec" name="Test that the edit action returns the correct model" time="0.14">
          <failure message="Condition not satisfied:&#xa;&#xa;response.status == 404&#xa;|        |      |&#xa;|        200    false&#xa;org.codehaus.groovy.grails.plugins.testing.GrailsMockHttpServletResponse@487096f3&#xa;" type="junit.framework.AssertionFailedError">junit.framework.AssertionFailedError: Condition not satisfied:

response.status == 404
|        |      |
|        200    false
org.codehaus.groovy.grails.plugins.testing.GrailsMockHttpServletResponse@487096f3

	at peliculas.PeliculasControllerSpec.Test that the edit action returns the correct model(PeliculasControllerSpec.groovy:57)
</failure>

      </testcase>

      <testcase classname="peliculas.PeliculasControllerSpec" name="Test the update action performs an update on a valid domain instance" time="0.151">
          <failure message="Condition not satisfied:&#xa;&#xa;status == 404&#xa;|      |&#xa;200    false&#xa;" type="junit.framework.AssertionFailedError">junit.framework.AssertionFailedError: Condition not satisfied:

status == 404
|      |
200    false

	at peliculas.PeliculasControllerSpec.Test the update action performs an update on a valid domain instance(PeliculasControllerSpec.groovy:73)
</failure>

      </testcase>

      <testcase classname="peliculas.PeliculasControllerSpec" name="Test that the delete action deletes an instance if it exists" time="0.117">
          <failure message="Condition not satisfied:&#xa;&#xa;status == 404&#xa;|      |&#xa;200    false&#xa;" type="junit.framework.AssertionFailedError">junit.framework.AssertionFailedError: Condition not satisfied:

status == 404
|      |
200    false

	at peliculas.PeliculasControllerSpec.Test that the delete action deletes an instance if it exists(PeliculasControllerSpec.groovy:101)
</failure>

      </testcase>

      <system-out><![CDATA[--Output from Test the index action returns the correct model--
--Output from Test the create action returns the correct model--
--Output from Test that the show action returns the correct model--
--Output from Test that the edit action returns the correct model--
--Output from Test the update action performs an update on a valid domain instance--
--Output from Test that the delete action deletes an instance if it exists--
]]></system-out>

      <system-err><![CDATA[--Output from Test the index action returns the correct model--
--Output from Test the create action returns the correct model--
--Output from Test that the show action returns the correct model--
--Output from Test that the edit action returns the correct model--
--Output from Test the update action performs an update on a valid domain instance--
--Output from Test that the delete action deletes an instance if it exists--
]]></system-err>

  </testsuite>
</testsuites>
