Testsuite: peliculas.PeliculasControllerSpec
Tests run: 6, Failures: 4, Errors: 0, Time elapsed: 1.103 sec
------------- Standard Output ---------------
--Output from Test the index action returns the correct model--
--Output from Test the create action returns the correct model--
--Output from Test that the show action returns the correct model--
--Output from Test that the edit action returns the correct model--
--Output from Test the update action performs an update on a valid domain instance--
--Output from Test that the delete action deletes an instance if it exists--
------------- ---------------- ---------------
------------- Standard Error -----------------
--Output from Test the index action returns the correct model--
--Output from Test the create action returns the correct model--
--Output from Test that the show action returns the correct model--
--Output from Test that the edit action returns the correct model--
--Output from Test the update action performs an update on a valid domain instance--
--Output from Test that the delete action deletes an instance if it exists--
------------- ---------------- ---------------

Testcase: Test the index action returns the correct model took 0.32 sec
Testcase: Test the create action returns the correct model took 0.108 sec
Testcase: Test that the show action returns the correct model took 0.08 sec
	FAILED
Condition not satisfied:

response.status == 404
|        |      |
|        200    false
org.codehaus.groovy.grails.plugins.testing.GrailsMockHttpServletResponse@3fd3d0eb

junit.framework.AssertionFailedError: Condition not satisfied:

response.status == 404
|        |      |
|        200    false
org.codehaus.groovy.grails.plugins.testing.GrailsMockHttpServletResponse@3fd3d0eb

	at peliculas.PeliculasControllerSpec.Test that the show action returns the correct model(PeliculasControllerSpec.groovy:41)

Testcase: Test that the edit action returns the correct model took 0.102 sec
	FAILED
Condition not satisfied:

response.status == 404
|        |      |
|        200    false
org.codehaus.groovy.grails.plugins.testing.GrailsMockHttpServletResponse@487096f3

junit.framework.AssertionFailedError: Condition not satisfied:

response.status == 404
|        |      |
|        200    false
org.codehaus.groovy.grails.plugins.testing.GrailsMockHttpServletResponse@487096f3

	at peliculas.PeliculasControllerSpec.Test that the edit action returns the correct model(PeliculasControllerSpec.groovy:57)

Testcase: Test the update action performs an update on a valid domain instance took 0.122 sec
	FAILED
Condition not satisfied:

status == 404
|      |
200    false

junit.framework.AssertionFailedError: Condition not satisfied:

status == 404
|      |
200    false

	at peliculas.PeliculasControllerSpec.Test the update action performs an update on a valid domain instance(PeliculasControllerSpec.groovy:73)

Testcase: Test that the delete action deletes an instance if it exists took 0.084 sec
	FAILED
Condition not satisfied:

status == 404
|      |
200    false

junit.framework.AssertionFailedError: Condition not satisfied:

status == 404
|      |
200    false

	at peliculas.PeliculasControllerSpec.Test that the delete action deletes an instance if it exists(PeliculasControllerSpec.groovy:101)

